<?xml version="1.0" encoding="UTF-8"?>
<!-- Generated by org.testng.reporters.JUnitXMLReporter -->
<testsuite ignored="0" hostname="LAPTOP-V6FPURNB" failures="3" tests="13" name="Chrome Test" time="56.137" errors="0" timestamp="2025-05-05T07:48:01 IST">
  <testcase classname="testcase.LoginPageTest" name="VerifyDashBoardTextWhileLoginWithValidCredentials" time="3.512"/>
  <testcase classname="testcase.LoginPageTest" name="VerifyErrorMsgWhileLoginWithInValidCredentials" time="0.755">
    <skipped/>
  </testcase> <!-- VerifyErrorMsgWhileLoginWithInValidCredentials -->
  <testcase classname="testcase.LoginPageTest" name="VerifyErrorMsgWhileLoginWithInValidCredentials" time="0.851">
    <skipped/>
  </testcase> <!-- VerifyErrorMsgWhileLoginWithInValidCredentials -->
  <testcase classname="testcase.LoginPageTest" name="VerifyErrorMsgWhileLoginWithInValidCredentials" time="0.761">
    <skipped/>
  </testcase> <!-- VerifyErrorMsgWhileLoginWithInValidCredentials -->
  <testcase classname="testcase.LoginPageTest" name="VerifyErrorMsgWhileLoginWithInValidCredentials" time="0.766">
    <failure type="java.lang.AssertionError" message="::Error message not as expected expected [Invalid Username/Password] but found [×
Alert!
Invalid Username/Password]">
      <![CDATA[java.lang.AssertionError: ::Error message not as expected expected [Invalid Username/Password] but found [×
Alert!
Invalid Username/Password]
at testcase.LoginPageTest.VerifyErrorMsgWhileLoginWithInValidCredentials(LoginPageTest.java:42)
at java.base/java.util.ArrayList.forEach(ArrayList.java:1597)
at java.base/java.util.concurrent.FutureTask.run(FutureTask.java:317)
at java.base/java.util.concurrent.ThreadPoolExecutor.runWorker(ThreadPoolExecutor.java:1144)
at java.base/java.util.concurrent.ThreadPoolExecutor$Worker.run(ThreadPoolExecutor.java:642)
at java.base/java.lang.Thread.run(Thread.java:1570)
... Removed 20 stack frames]]>
    </failure>
  </testcase> <!-- VerifyErrorMsgWhileLoginWithInValidCredentials -->
  <testcase classname="testcase.LoginPageTest" name="VerifyErrorMsgWhileLoginWithInValidCredentials" time="0.78">
    <skipped/>
  </testcase> <!-- VerifyErrorMsgWhileLoginWithInValidCredentials -->
  <testcase classname="testcase.LoginPageTest" name="VerifyErrorMsgWhileLoginWithInValidCredentials" time="0.773">
    <skipped/>
  </testcase> <!-- VerifyErrorMsgWhileLoginWithInValidCredentials -->
  <testcase classname="testcase.LoginPageTest" name="VerifyErrorMsgWhileLoginWithInValidCredentials" time="0.856">
    <skipped/>
  </testcase> <!-- VerifyErrorMsgWhileLoginWithInValidCredentials -->
  <testcase classname="testcase.LoginPageTest" name="VerifyErrorMsgWhileLoginWithInValidCredentials" time="1.001">
    <failure type="java.lang.AssertionError" message="::Error message not as expected expected [Invalid Username/Password] but found [×
Alert!
Invalid Username/Password]">
      <![CDATA[java.lang.AssertionError: ::Error message not as expected expected [Invalid Username/Password] but found [×
Alert!
Invalid Username/Password]
at testcase.LoginPageTest.VerifyErrorMsgWhileLoginWithInValidCredentials(LoginPageTest.java:42)
at java.base/java.util.ArrayList.forEach(ArrayList.java:1597)
at java.base/java.util.concurrent.FutureTask.run(FutureTask.java:317)
at java.base/java.util.concurrent.ThreadPoolExecutor.runWorker(ThreadPoolExecutor.java:1144)
at java.base/java.util.concurrent.ThreadPoolExecutor$Worker.run(ThreadPoolExecutor.java:642)
at java.base/java.lang.Thread.run(Thread.java:1570)
... Removed 20 stack frames]]>
    </failure>
  </testcase> <!-- VerifyErrorMsgWhileLoginWithInValidCredentials -->
  <testcase classname="testcase.LoginPageTest" name="VerifyErrorMsgWhileLoginWithInValidCredentials" time="0.857">
    <skipped/>
  </testcase> <!-- VerifyErrorMsgWhileLoginWithInValidCredentials -->
  <testcase classname="testcase.LoginPageTest" name="VerifyErrorMsgWhileLoginWithInValidCredentials" time="0.731">
    <skipped/>
  </testcase> <!-- VerifyErrorMsgWhileLoginWithInValidCredentials -->
  <testcase classname="testcase.LoginPageTest" name="VerifyErrorMsgWhileLoginWithInValidCredentials" time="0.918">
    <skipped/>
  </testcase> <!-- VerifyErrorMsgWhileLoginWithInValidCredentials -->
  <testcase classname="testcase.LoginPageTest" name="VerifyErrorMsgWhileLoginWithInValidCredentials" time="0.817">
    <failure type="java.lang.AssertionError" message="::Error message not as expected expected [Invalid Username/Password] but found [×
Alert!
Invalid Username/Password]">
      <![CDATA[java.lang.AssertionError: ::Error message not as expected expected [Invalid Username/Password] but found [×
Alert!
Invalid Username/Password]
at testcase.LoginPageTest.VerifyErrorMsgWhileLoginWithInValidCredentials(LoginPageTest.java:42)
at java.base/java.util.ArrayList.forEach(ArrayList.java:1597)
at java.base/java.util.concurrent.FutureTask.run(FutureTask.java:317)
at java.base/java.util.concurrent.ThreadPoolExecutor.runWorker(ThreadPoolExecutor.java:1144)
at java.base/java.util.concurrent.ThreadPoolExecutor$Worker.run(ThreadPoolExecutor.java:642)
at java.base/java.lang.Thread.run(Thread.java:1570)
... Removed 20 stack frames]]>
    </failure>
  </testcase> <!-- VerifyErrorMsgWhileLoginWithInValidCredentials -->
</testsuite> <!-- Chrome Test -->
