<?xml version="1.0" encoding="UTF-8"?>
<!-- Generated by org.testng.reporters.JUnitXMLReporter -->
<testsuite ignored="0" hostname="LAPTOP-V6FPURNB" failures="0" tests="4" name="Firefox Test" time="60.47" errors="0" timestamp="2025-05-05T07:19:31 IST">
  <testcase classname="testcase.LoginPageTest" name="VerifyDashBoardTextWhileLoginWithValidCredentials" time="0.001">
    <skipped/>
  </testcase> <!-- VerifyDashBoardTextWhileLoginWithValidCredentials -->
  <testcase classname="testcase.LoginPageTest" name="VerifyErrorMsgWhileLoginWithInValidCredentials" time="0.0">
    <skipped/>
  </testcase> <!-- VerifyErrorMsgWhileLoginWithInValidCredentials -->
  <testcase classname="testcase.LoginPageTest" name="VerifyErrorMsgWhileLoginWithInValidCredentials" time="0.0">
    <skipped/>
  </testcase> <!-- VerifyErrorMsgWhileLoginWithInValidCredentials -->
  <testcase classname="testcase.LoginPageTest" name="VerifyErrorMsgWhileLoginWithInValidCredentials" time="0.0">
    <skipped/>
  </testcase> <!-- VerifyErrorMsgWhileLoginWithInValidCredentials -->
</testsuite> <!-- Firefox Test -->
