<?xml version="1.0" encoding="UTF-8"?>
<!-- Generated by org.testng.reporters.JUnitReportReporter -->
<testsuite hostname="LAPTOP-V6FPURNB" failures="3" tests="13" name="testcase.LoginPageTest" time="55.312" errors="0" timestamp="2025-05-05T07:48:01 IST" skipped="9">
  <testcase classname="testcase.LoginPageTest" name="VerifyErrorMsgWhileLoginWithInValidCredentials" time="4.137">
    <skipped/>
  </testcase> <!-- VerifyErrorMsgWhileLoginWithInValidCredentials -->
  <testcase classname="testcase.LoginPageTest" name="VerifyErrorMsgWhileLoginWithInValidCredentials" time="3.716">
    <failure message="::Error message not as expected expected [Invalid Username/Password] but found [×
Alert!
Invalid Username/Password]" type="java.lang.AssertionError">
      <![CDATA[java.lang.AssertionError: ::Error message not as expected expected [Invalid Username/Password] but found [×
Alert!
Invalid Username/Password]
at org.testng.Assert.fail(Assert.java:111)
at org.testng.Assert.failNotEquals(Assert.java:1590)
at org.testng.Assert.assertEqualsImpl(Assert.java:150)
at org.testng.Assert.assertEquals(Assert.java:132)
at org.testng.Assert.assertEquals(Assert.java:656)
at testcase.LoginPageTest.VerifyErrorMsgWhileLoginWithInValidCredentials(LoginPageTest.java:42)
at java.base/jdk.internal.reflect.DirectMethodHandleAccessor.invoke(DirectMethodHandleAccessor.java:103)
at java.base/java.lang.reflect.Method.invoke(Method.java:580)
at org.testng.internal.invokers.MethodInvocationHelper.invokeMethod(MethodInvocationHelper.java:141)
at org.testng.internal.invokers.TestInvoker.invokeMethod(TestInvoker.java:687)
at org.testng.internal.invokers.TestInvoker.retryFailed(TestInvoker.java:269)
at org.testng.internal.invokers.MethodRunner.runInSequence(MethodRunner.java:76)
at org.testng.internal.invokers.TestInvoker$MethodInvocationAgent.invoke(TestInvoker.java:995)
at org.testng.internal.invokers.TestInvoker.invokeTestMethods(TestInvoker.java:203)
at org.testng.internal.invokers.TestMethodWorker.invokeTestMethods(TestMethodWorker.java:154)
at org.testng.internal.invokers.TestMethodWorker.run(TestMethodWorker.java:134)
at java.base/java.util.ArrayList.forEach(ArrayList.java:1597)
at org.testng.TestRunner.privateRun(TestRunner.java:741)
at org.testng.TestRunner.run(TestRunner.java:616)
at org.testng.SuiteRunner.runTest(SuiteRunner.java:421)
at org.testng.SuiteRunner$SuiteWorker.run(SuiteRunner.java:463)
at org.testng.internal.thread.ThreadUtil.lambda$execute$0(ThreadUtil.java:64)
at java.base/java.util.concurrent.FutureTask.run(FutureTask.java:317)
at java.base/java.util.concurrent.ThreadPoolExecutor.runWorker(ThreadPoolExecutor.java:1144)
at java.base/java.util.concurrent.ThreadPoolExecutor$Worker.run(ThreadPoolExecutor.java:642)
at java.base/java.lang.Thread.run(Thread.java:1570)
]]>
    </failure>
  </testcase> <!-- VerifyErrorMsgWhileLoginWithInValidCredentials -->
  <testcase classname="testcase.LoginPageTest" name="VerifyErrorMsgWhileLoginWithInValidCredentials" time="4.124">
    <skipped/>
  </testcase> <!-- VerifyErrorMsgWhileLoginWithInValidCredentials -->
  <testcase classname="testcase.LoginPageTest" name="VerifyErrorMsgWhileLoginWithInValidCredentials" time="6.024">
    <skipped/>
  </testcase> <!-- VerifyErrorMsgWhileLoginWithInValidCredentials -->
  <testcase classname="testcase.LoginPageTest" name="VerifyErrorMsgWhileLoginWithInValidCredentials" time="3.727">
    <skipped/>
  </testcase> <!-- VerifyErrorMsgWhileLoginWithInValidCredentials -->
  <testcase classname="testcase.LoginPageTest" name="VerifyDashBoardTextWhileLoginWithValidCredentials" time="6.587"/>
  <testcase classname="testcase.LoginPageTest" name="VerifyErrorMsgWhileLoginWithInValidCredentials" time="3.920">
    <skipped/>
  </testcase> <!-- VerifyErrorMsgWhileLoginWithInValidCredentials -->
  <testcase classname="testcase.LoginPageTest" name="VerifyErrorMsgWhileLoginWithInValidCredentials" time="3.611">
    <skipped/>
  </testcase> <!-- VerifyErrorMsgWhileLoginWithInValidCredentials -->
  <testcase classname="testcase.LoginPageTest" name="VerifyErrorMsgWhileLoginWithInValidCredentials" time="3.853">
    <failure message="::Error message not as expected expected [Invalid Username/Password] but found [×
Alert!
Invalid Username/Password]" type="java.lang.AssertionError">
      <![CDATA[java.lang.AssertionError: ::Error message not as expected expected [Invalid Username/Password] but found [×
Alert!
Invalid Username/Password]
at org.testng.Assert.fail(Assert.java:111)
at org.testng.Assert.failNotEquals(Assert.java:1590)
at org.testng.Assert.assertEqualsImpl(Assert.java:150)
at org.testng.Assert.assertEquals(Assert.java:132)
at org.testng.Assert.assertEquals(Assert.java:656)
at testcase.LoginPageTest.VerifyErrorMsgWhileLoginWithInValidCredentials(LoginPageTest.java:42)
at java.base/jdk.internal.reflect.DirectMethodHandleAccessor.invoke(DirectMethodHandleAccessor.java:103)
at java.base/java.lang.reflect.Method.invoke(Method.java:580)
at org.testng.internal.invokers.MethodInvocationHelper.invokeMethod(MethodInvocationHelper.java:141)
at org.testng.internal.invokers.TestInvoker.invokeMethod(TestInvoker.java:687)
at org.testng.internal.invokers.TestInvoker.retryFailed(TestInvoker.java:269)
at org.testng.internal.invokers.MethodRunner.runInSequence(MethodRunner.java:76)
at org.testng.internal.invokers.TestInvoker$MethodInvocationAgent.invoke(TestInvoker.java:995)
at org.testng.internal.invokers.TestInvoker.invokeTestMethods(TestInvoker.java:203)
at org.testng.internal.invokers.TestMethodWorker.invokeTestMethods(TestMethodWorker.java:154)
at org.testng.internal.invokers.TestMethodWorker.run(TestMethodWorker.java:134)
at java.base/java.util.ArrayList.forEach(ArrayList.java:1597)
at org.testng.TestRunner.privateRun(TestRunner.java:741)
at org.testng.TestRunner.run(TestRunner.java:616)
at org.testng.SuiteRunner.runTest(SuiteRunner.java:421)
at org.testng.SuiteRunner$SuiteWorker.run(SuiteRunner.java:463)
at org.testng.internal.thread.ThreadUtil.lambda$execute$0(ThreadUtil.java:64)
at java.base/java.util.concurrent.FutureTask.run(FutureTask.java:317)
at java.base/java.util.concurrent.ThreadPoolExecutor.runWorker(ThreadPoolExecutor.java:1144)
at java.base/java.util.concurrent.ThreadPoolExecutor$Worker.run(ThreadPoolExecutor.java:642)
at java.base/java.lang.Thread.run(Thread.java:1570)
]]>
    </failure>
  </testcase> <!-- VerifyErrorMsgWhileLoginWithInValidCredentials -->
  <testcase classname="testcase.LoginPageTest" name="VerifyErrorMsgWhileLoginWithInValidCredentials" time="3.660">
    <skipped/>
  </testcase> <!-- VerifyErrorMsgWhileLoginWithInValidCredentials -->
  <testcase classname="testcase.LoginPageTest" name="VerifyErrorMsgWhileLoginWithInValidCredentials" time="3.944">
    <failure message="::Error message not as expected expected [Invalid Username/Password] but found [×
Alert!
Invalid Username/Password]" type="java.lang.AssertionError">
      <![CDATA[java.lang.AssertionError: ::Error message not as expected expected [Invalid Username/Password] but found [×
Alert!
Invalid Username/Password]
at org.testng.Assert.fail(Assert.java:111)
at org.testng.Assert.failNotEquals(Assert.java:1590)
at org.testng.Assert.assertEqualsImpl(Assert.java:150)
at org.testng.Assert.assertEquals(Assert.java:132)
at org.testng.Assert.assertEquals(Assert.java:656)
at testcase.LoginPageTest.VerifyErrorMsgWhileLoginWithInValidCredentials(LoginPageTest.java:42)
at java.base/jdk.internal.reflect.DirectMethodHandleAccessor.invoke(DirectMethodHandleAccessor.java:103)
at java.base/java.lang.reflect.Method.invoke(Method.java:580)
at org.testng.internal.invokers.MethodInvocationHelper.invokeMethod(MethodInvocationHelper.java:141)
at org.testng.internal.invokers.TestInvoker.invokeMethod(TestInvoker.java:687)
at org.testng.internal.invokers.TestInvoker.retryFailed(TestInvoker.java:269)
at org.testng.internal.invokers.MethodRunner.runInSequence(MethodRunner.java:76)
at org.testng.internal.invokers.TestInvoker$MethodInvocationAgent.invoke(TestInvoker.java:995)
at org.testng.internal.invokers.TestInvoker.invokeTestMethods(TestInvoker.java:203)
at org.testng.internal.invokers.TestMethodWorker.invokeTestMethods(TestMethodWorker.java:154)
at org.testng.internal.invokers.TestMethodWorker.run(TestMethodWorker.java:134)
at java.base/java.util.ArrayList.forEach(ArrayList.java:1597)
at org.testng.TestRunner.privateRun(TestRunner.java:741)
at org.testng.TestRunner.run(TestRunner.java:616)
at org.testng.SuiteRunner.runTest(SuiteRunner.java:421)
at org.testng.SuiteRunner$SuiteWorker.run(SuiteRunner.java:463)
at org.testng.internal.thread.ThreadUtil.lambda$execute$0(ThreadUtil.java:64)
at java.base/java.util.concurrent.FutureTask.run(FutureTask.java:317)
at java.base/java.util.concurrent.ThreadPoolExecutor.runWorker(ThreadPoolExecutor.java:1144)
at java.base/java.util.concurrent.ThreadPoolExecutor$Worker.run(ThreadPoolExecutor.java:642)
at java.base/java.lang.Thread.run(Thread.java:1570)
]]>
    </failure>
  </testcase> <!-- VerifyErrorMsgWhileLoginWithInValidCredentials -->
  <testcase classname="testcase.LoginPageTest" name="VerifyErrorMsgWhileLoginWithInValidCredentials" time="3.896">
    <skipped/>
  </testcase> <!-- VerifyErrorMsgWhileLoginWithInValidCredentials -->
  <testcase classname="testcase.LoginPageTest" name="VerifyErrorMsgWhileLoginWithInValidCredentials" time="4.113">
    <skipped/>
  </testcase> <!-- VerifyErrorMsgWhileLoginWithInValidCredentials -->
</testsuite> <!-- testcase.LoginPageTest -->
