<?xml version="1.0" encoding="UTF-8"?>
<testng-results retried="9" ignored="0" total="13" passed="1" failed="3" skipped="0">
  <reporter-output>
  </reporter-output>
  <suite started-at="2025-05-05T07:47:04 IST" name="GroceryApplication" finished-at="2025-05-05T07:48:00 IST" duration-ms="56137">
    <groups>
    </groups>
    <test started-at="2025-05-05T07:47:04 IST" name="Chrome Test" finished-at="2025-05-05T07:48:00 IST" duration-ms="56137">
      <class name="testcase.LoginPageTest">
        <test-method is-config="true" signature="beforeMethod(java.lang.String)[pri:0, instance:testcase.LoginPageTest@221a3fa4]" started-at="2025-05-05T07:47:05 IST" name="beforeMethod" finished-at="2025-05-05T07:47:09 IST" duration-ms="4581" status="PASS">
          <params>
            <param index="0">
              <value>
                <![CDATA[chrome]]>
              </value>
            </param>
          </params>
          <reporter-output>
          </reporter-output>
        </test-method> <!-- beforeMethod -->
        <test-method signature="VerifyDashBoardTextWhileLoginWithValidCredentials()[pri:0, instance:testcase.LoginPageTest@221a3fa4]" started-at="2025-05-05T07:47:09 IST" name="VerifyDashBoardTextWhileLoginWithValidCredentials" finished-at="2025-05-05T07:47:13 IST" duration-ms="3512" status="PASS">
          <reporter-output>
          </reporter-output>
        </test-method> <!-- VerifyDashBoardTextWhileLoginWithValidCredentials -->
        <test-method is-config="true" signature="afterMethode(org.testng.ITestResult)[pri:0, instance:testcase.LoginPageTest@221a3fa4]" started-at="2025-05-05T07:47:13 IST" name="afterMethode" finished-at="2025-05-05T07:47:13 IST" duration-ms="663" status="PASS">
          <params>
            <param index="0">
              <value>
                <![CDATA[[TestResult name=VerifyDashBoardTextWhileLoginWithValidCredentials status=SUCCESS method=LoginPageTest.VerifyDashBoardTextWhileLoginWithValidCredentials()[pri:0, instance:testcase.LoginPageTest@221a3fa4] output={null}]]]>
              </value>
            </param>
          </params>
          <reporter-output>
          </reporter-output>
        </test-method> <!-- afterMethode -->
        <test-method is-config="true" signature="beforeMethod(java.lang.String)[pri:0, instance:testcase.LoginPageTest@221a3fa4]" started-at="2025-05-05T07:47:13 IST" name="beforeMethod" finished-at="2025-05-05T07:47:16 IST" duration-ms="2592" status="PASS">
          <params>
            <param index="0">
              <value>
                <![CDATA[chrome]]>
              </value>
            </param>
          </params>
          <reporter-output>
          </reporter-output>
        </test-method> <!-- beforeMethod -->
        <test-method retried="true" signature="VerifyErrorMsgWhileLoginWithInValidCredentials(java.lang.String,java.lang.String)[pri:0, instance:testcase.LoginPageTest@221a3fa4]" started-at="2025-05-05T07:47:16 IST" name="VerifyErrorMsgWhileLoginWithInValidCredentials" data-provider="invalid credentials" finished-at="2025-05-05T07:47:17 IST" duration-ms="755" status="SKIP">
          <params>
            <param index="0">
              <value>
                <![CDATA[user1]]>
              </value>
            </param>
            <param index="1">
              <value>
                <![CDATA[admin]]>
              </value>
            </param>
          </params>
          <exception class="java.lang.AssertionError">
            <message>
              <![CDATA[::Error message not as expected expected [Invalid Username/Password] but found [×
Alert!
Invalid Username/Password]]]>
            </message>
            <full-stacktrace>
              <![CDATA[java.lang.AssertionError: ::Error message not as expected expected [Invalid Username/Password] but found [×
Alert!
Invalid Username/Password]
at org.testng.Assert.fail(Assert.java:111)
at org.testng.Assert.failNotEquals(Assert.java:1590)
at org.testng.Assert.assertEqualsImpl(Assert.java:150)
at org.testng.Assert.assertEquals(Assert.java:132)
at org.testng.Assert.assertEquals(Assert.java:656)
at testcase.LoginPageTest.VerifyErrorMsgWhileLoginWithInValidCredentials(LoginPageTest.java:42)
at java.base/jdk.internal.reflect.DirectMethodHandleAccessor.invoke(DirectMethodHandleAccessor.java:103)
at java.base/java.lang.reflect.Method.invoke(Method.java:580)
at org.testng.internal.invokers.MethodInvocationHelper.invokeMethod(MethodInvocationHelper.java:141)
at org.testng.internal.invokers.TestInvoker.invokeMethod(TestInvoker.java:687)
at org.testng.internal.invokers.TestInvoker.invokeTestMethod(TestInvoker.java:230)
at org.testng.internal.invokers.MethodRunner.runInSequence(MethodRunner.java:63)
at org.testng.internal.invokers.TestInvoker$MethodInvocationAgent.invoke(TestInvoker.java:995)
at org.testng.internal.invokers.TestInvoker.invokeTestMethods(TestInvoker.java:203)
at org.testng.internal.invokers.TestMethodWorker.invokeTestMethods(TestMethodWorker.java:154)
at org.testng.internal.invokers.TestMethodWorker.run(TestMethodWorker.java:134)
at java.base/java.util.ArrayList.forEach(ArrayList.java:1597)
at org.testng.TestRunner.privateRun(TestRunner.java:741)
at org.testng.TestRunner.run(TestRunner.java:616)
at org.testng.SuiteRunner.runTest(SuiteRunner.java:421)
at org.testng.SuiteRunner$SuiteWorker.run(SuiteRunner.java:463)
at org.testng.internal.thread.ThreadUtil.lambda$execute$0(ThreadUtil.java:64)
at java.base/java.util.concurrent.FutureTask.run(FutureTask.java:317)
at java.base/java.util.concurrent.ThreadPoolExecutor.runWorker(ThreadPoolExecutor.java:1144)
at java.base/java.util.concurrent.ThreadPoolExecutor$Worker.run(ThreadPoolExecutor.java:642)
at java.base/java.lang.Thread.run(Thread.java:1570)
]]>
            </full-stacktrace>
          </exception> <!-- java.lang.AssertionError -->
          <reporter-output>
          </reporter-output>
        </test-method> <!-- VerifyErrorMsgWhileLoginWithInValidCredentials -->
        <test-method is-config="true" signature="afterMethode(org.testng.ITestResult)[pri:0, instance:testcase.LoginPageTest@221a3fa4]" started-at="2025-05-05T07:47:17 IST" name="afterMethode" finished-at="2025-05-05T07:47:17 IST" duration-ms="389" status="PASS">
          <params>
            <param index="0">
              <value>
                <![CDATA[[TestResult name=VerifyErrorMsgWhileLoginWithInValidCredentials status=SKIP method=LoginPageTest.VerifyErrorMsgWhileLoginWithInValidCredentials(java.lang.String,java.lang.String)[pri:0, instance:testcase.LoginPageTest@221a3fa4] output={null}]]]>
              </value>
            </param>
          </params>
          <reporter-output>
          </reporter-output>
        </test-method> <!-- afterMethode -->
        <test-method is-config="true" signature="beforeMethod(java.lang.String)[pri:0, instance:testcase.LoginPageTest@221a3fa4]" started-at="2025-05-05T07:47:17 IST" name="beforeMethod" finished-at="2025-05-05T07:47:20 IST" duration-ms="2975" status="PASS">
          <params>
            <param index="0">
              <value>
                <![CDATA[chrome]]>
              </value>
            </param>
          </params>
          <reporter-output>
          </reporter-output>
        </test-method> <!-- beforeMethod -->
        <test-method retried="true" signature="VerifyErrorMsgWhileLoginWithInValidCredentials(java.lang.String,java.lang.String)[pri:0, instance:testcase.LoginPageTest@221a3fa4]" started-at="2025-05-05T07:47:20 IST" name="VerifyErrorMsgWhileLoginWithInValidCredentials" data-provider="invalid credentials" finished-at="2025-05-05T07:47:21 IST" duration-ms="851" status="SKIP">
          <params>
            <param index="0">
              <value>
                <![CDATA[user1]]>
              </value>
            </param>
            <param index="1">
              <value>
                <![CDATA[admin]]>
              </value>
            </param>
          </params>
          <exception class="java.lang.AssertionError">
            <message>
              <![CDATA[::Error message not as expected expected [Invalid Username/Password] but found [×
Alert!
Invalid Username/Password]]]>
            </message>
            <full-stacktrace>
              <![CDATA[java.lang.AssertionError: ::Error message not as expected expected [Invalid Username/Password] but found [×
Alert!
Invalid Username/Password]
at org.testng.Assert.fail(Assert.java:111)
at org.testng.Assert.failNotEquals(Assert.java:1590)
at org.testng.Assert.assertEqualsImpl(Assert.java:150)
at org.testng.Assert.assertEquals(Assert.java:132)
at org.testng.Assert.assertEquals(Assert.java:656)
at testcase.LoginPageTest.VerifyErrorMsgWhileLoginWithInValidCredentials(LoginPageTest.java:42)
at java.base/jdk.internal.reflect.DirectMethodHandleAccessor.invoke(DirectMethodHandleAccessor.java:103)
at java.base/java.lang.reflect.Method.invoke(Method.java:580)
at org.testng.internal.invokers.MethodInvocationHelper.invokeMethod(MethodInvocationHelper.java:141)
at org.testng.internal.invokers.TestInvoker.invokeMethod(TestInvoker.java:687)
at org.testng.internal.invokers.TestInvoker.retryFailed(TestInvoker.java:269)
at org.testng.internal.invokers.MethodRunner.runInSequence(MethodRunner.java:76)
at org.testng.internal.invokers.TestInvoker$MethodInvocationAgent.invoke(TestInvoker.java:995)
at org.testng.internal.invokers.TestInvoker.invokeTestMethods(TestInvoker.java:203)
at org.testng.internal.invokers.TestMethodWorker.invokeTestMethods(TestMethodWorker.java:154)
at org.testng.internal.invokers.TestMethodWorker.run(TestMethodWorker.java:134)
at java.base/java.util.ArrayList.forEach(ArrayList.java:1597)
at org.testng.TestRunner.privateRun(TestRunner.java:741)
at org.testng.TestRunner.run(TestRunner.java:616)
at org.testng.SuiteRunner.runTest(SuiteRunner.java:421)
at org.testng.SuiteRunner$SuiteWorker.run(SuiteRunner.java:463)
at org.testng.internal.thread.ThreadUtil.lambda$execute$0(ThreadUtil.java:64)
at java.base/java.util.concurrent.FutureTask.run(FutureTask.java:317)
at java.base/java.util.concurrent.ThreadPoolExecutor.runWorker(ThreadPoolExecutor.java:1144)
at java.base/java.util.concurrent.ThreadPoolExecutor$Worker.run(ThreadPoolExecutor.java:642)
at java.base/java.lang.Thread.run(Thread.java:1570)
]]>
            </full-stacktrace>
          </exception> <!-- java.lang.AssertionError -->
          <reporter-output>
          </reporter-output>
        </test-method> <!-- VerifyErrorMsgWhileLoginWithInValidCredentials -->
        <test-method is-config="true" signature="afterMethode(org.testng.ITestResult)[pri:0, instance:testcase.LoginPageTest@221a3fa4]" started-at="2025-05-05T07:47:21 IST" name="afterMethode" finished-at="2025-05-05T07:47:21 IST" duration-ms="435" status="PASS">
          <params>
            <param index="0">
              <value>
                <![CDATA[[TestResult name=VerifyErrorMsgWhileLoginWithInValidCredentials status=SKIP method=LoginPageTest.VerifyErrorMsgWhileLoginWithInValidCredentials(java.lang.String,java.lang.String)[pri:0, instance:testcase.LoginPageTest@221a3fa4] output={null}]]]>
              </value>
            </param>
          </params>
          <reporter-output>
          </reporter-output>
        </test-method> <!-- afterMethode -->
        <test-method is-config="true" signature="beforeMethod(java.lang.String)[pri:0, instance:testcase.LoginPageTest@221a3fa4]" started-at="2025-05-05T07:47:21 IST" name="beforeMethod" finished-at="2025-05-05T07:47:24 IST" duration-ms="2678" status="PASS">
          <params>
            <param index="0">
              <value>
                <![CDATA[chrome]]>
              </value>
            </param>
          </params>
          <reporter-output>
          </reporter-output>
        </test-method> <!-- beforeMethod -->
        <test-method retried="true" signature="VerifyErrorMsgWhileLoginWithInValidCredentials(java.lang.String,java.lang.String)[pri:0, instance:testcase.LoginPageTest@221a3fa4]" started-at="2025-05-05T07:47:24 IST" name="VerifyErrorMsgWhileLoginWithInValidCredentials" data-provider="invalid credentials" finished-at="2025-05-05T07:47:25 IST" duration-ms="761" status="SKIP">
          <params>
            <param index="0">
              <value>
                <![CDATA[user1]]>
              </value>
            </param>
            <param index="1">
              <value>
                <![CDATA[admin]]>
              </value>
            </param>
          </params>
          <exception class="java.lang.AssertionError">
            <message>
              <![CDATA[::Error message not as expected expected [Invalid Username/Password] but found [×
Alert!
Invalid Username/Password]]]>
            </message>
            <full-stacktrace>
              <![CDATA[java.lang.AssertionError: ::Error message not as expected expected [Invalid Username/Password] but found [×
Alert!
Invalid Username/Password]
at org.testng.Assert.fail(Assert.java:111)
at org.testng.Assert.failNotEquals(Assert.java:1590)
at org.testng.Assert.assertEqualsImpl(Assert.java:150)
at org.testng.Assert.assertEquals(Assert.java:132)
at org.testng.Assert.assertEquals(Assert.java:656)
at testcase.LoginPageTest.VerifyErrorMsgWhileLoginWithInValidCredentials(LoginPageTest.java:42)
at java.base/jdk.internal.reflect.DirectMethodHandleAccessor.invoke(DirectMethodHandleAccessor.java:103)
at java.base/java.lang.reflect.Method.invoke(Method.java:580)
at org.testng.internal.invokers.MethodInvocationHelper.invokeMethod(MethodInvocationHelper.java:141)
at org.testng.internal.invokers.TestInvoker.invokeMethod(TestInvoker.java:687)
at org.testng.internal.invokers.TestInvoker.retryFailed(TestInvoker.java:269)
at org.testng.internal.invokers.MethodRunner.runInSequence(MethodRunner.java:76)
at org.testng.internal.invokers.TestInvoker$MethodInvocationAgent.invoke(TestInvoker.java:995)
at org.testng.internal.invokers.TestInvoker.invokeTestMethods(TestInvoker.java:203)
at org.testng.internal.invokers.TestMethodWorker.invokeTestMethods(TestMethodWorker.java:154)
at org.testng.internal.invokers.TestMethodWorker.run(TestMethodWorker.java:134)
at java.base/java.util.ArrayList.forEach(ArrayList.java:1597)
at org.testng.TestRunner.privateRun(TestRunner.java:741)
at org.testng.TestRunner.run(TestRunner.java:616)
at org.testng.SuiteRunner.runTest(SuiteRunner.java:421)
at org.testng.SuiteRunner$SuiteWorker.run(SuiteRunner.java:463)
at org.testng.internal.thread.ThreadUtil.lambda$execute$0(ThreadUtil.java:64)
at java.base/java.util.concurrent.FutureTask.run(FutureTask.java:317)
at java.base/java.util.concurrent.ThreadPoolExecutor.runWorker(ThreadPoolExecutor.java:1144)
at java.base/java.util.concurrent.ThreadPoolExecutor$Worker.run(ThreadPoolExecutor.java:642)
at java.base/java.lang.Thread.run(Thread.java:1570)
]]>
            </full-stacktrace>
          </exception> <!-- java.lang.AssertionError -->
          <reporter-output>
          </reporter-output>
        </test-method> <!-- VerifyErrorMsgWhileLoginWithInValidCredentials -->
        <test-method is-config="true" signature="afterMethode(org.testng.ITestResult)[pri:0, instance:testcase.LoginPageTest@221a3fa4]" started-at="2025-05-05T07:47:25 IST" name="afterMethode" finished-at="2025-05-05T07:47:25 IST" duration-ms="355" status="PASS">
          <params>
            <param index="0">
              <value>
                <![CDATA[[TestResult name=VerifyErrorMsgWhileLoginWithInValidCredentials status=SKIP method=LoginPageTest.VerifyErrorMsgWhileLoginWithInValidCredentials(java.lang.String,java.lang.String)[pri:0, instance:testcase.LoginPageTest@221a3fa4] output={null}]]]>
              </value>
            </param>
          </params>
          <reporter-output>
          </reporter-output>
        </test-method> <!-- afterMethode -->
        <test-method is-config="true" signature="beforeMethod(java.lang.String)[pri:0, instance:testcase.LoginPageTest@221a3fa4]" started-at="2025-05-05T07:47:25 IST" name="beforeMethod" finished-at="2025-05-05T07:47:28 IST" duration-ms="2583" status="PASS">
          <params>
            <param index="0">
              <value>
                <![CDATA[chrome]]>
              </value>
            </param>
          </params>
          <reporter-output>
          </reporter-output>
        </test-method> <!-- beforeMethod -->
        <test-method signature="VerifyErrorMsgWhileLoginWithInValidCredentials(java.lang.String,java.lang.String)[pri:0, instance:testcase.LoginPageTest@221a3fa4]" started-at="2025-05-05T07:47:28 IST" name="VerifyErrorMsgWhileLoginWithInValidCredentials" data-provider="invalid credentials" finished-at="2025-05-05T07:47:29 IST" duration-ms="766" status="FAIL">
          <params>
            <param index="0">
              <value>
                <![CDATA[user1]]>
              </value>
            </param>
            <param index="1">
              <value>
                <![CDATA[admin]]>
              </value>
            </param>
          </params>
          <exception class="java.lang.AssertionError">
            <message>
              <![CDATA[::Error message not as expected expected [Invalid Username/Password] but found [×
Alert!
Invalid Username/Password]]]>
            </message>
            <full-stacktrace>
              <![CDATA[java.lang.AssertionError: ::Error message not as expected expected [Invalid Username/Password] but found [×
Alert!
Invalid Username/Password]
at org.testng.Assert.fail(Assert.java:111)
at org.testng.Assert.failNotEquals(Assert.java:1590)
at org.testng.Assert.assertEqualsImpl(Assert.java:150)
at org.testng.Assert.assertEquals(Assert.java:132)
at org.testng.Assert.assertEquals(Assert.java:656)
at testcase.LoginPageTest.VerifyErrorMsgWhileLoginWithInValidCredentials(LoginPageTest.java:42)
at java.base/jdk.internal.reflect.DirectMethodHandleAccessor.invoke(DirectMethodHandleAccessor.java:103)
at java.base/java.lang.reflect.Method.invoke(Method.java:580)
at org.testng.internal.invokers.MethodInvocationHelper.invokeMethod(MethodInvocationHelper.java:141)
at org.testng.internal.invokers.TestInvoker.invokeMethod(TestInvoker.java:687)
at org.testng.internal.invokers.TestInvoker.retryFailed(TestInvoker.java:269)
at org.testng.internal.invokers.MethodRunner.runInSequence(MethodRunner.java:76)
at org.testng.internal.invokers.TestInvoker$MethodInvocationAgent.invoke(TestInvoker.java:995)
at org.testng.internal.invokers.TestInvoker.invokeTestMethods(TestInvoker.java:203)
at org.testng.internal.invokers.TestMethodWorker.invokeTestMethods(TestMethodWorker.java:154)
at org.testng.internal.invokers.TestMethodWorker.run(TestMethodWorker.java:134)
at java.base/java.util.ArrayList.forEach(ArrayList.java:1597)
at org.testng.TestRunner.privateRun(TestRunner.java:741)
at org.testng.TestRunner.run(TestRunner.java:616)
at org.testng.SuiteRunner.runTest(SuiteRunner.java:421)
at org.testng.SuiteRunner$SuiteWorker.run(SuiteRunner.java:463)
at org.testng.internal.thread.ThreadUtil.lambda$execute$0(ThreadUtil.java:64)
at java.base/java.util.concurrent.FutureTask.run(FutureTask.java:317)
at java.base/java.util.concurrent.ThreadPoolExecutor.runWorker(ThreadPoolExecutor.java:1144)
at java.base/java.util.concurrent.ThreadPoolExecutor$Worker.run(ThreadPoolExecutor.java:642)
at java.base/java.lang.Thread.run(Thread.java:1570)
]]>
            </full-stacktrace>
          </exception> <!-- java.lang.AssertionError -->
          <reporter-output>
          </reporter-output>
        </test-method> <!-- VerifyErrorMsgWhileLoginWithInValidCredentials -->
        <test-method is-config="true" signature="afterMethode(org.testng.ITestResult)[pri:0, instance:testcase.LoginPageTest@221a3fa4]" started-at="2025-05-05T07:47:29 IST" name="afterMethode" finished-at="2025-05-05T07:47:29 IST" duration-ms="533" status="PASS">
          <params>
            <param index="0">
              <value>
                <![CDATA[[TestResult name=VerifyErrorMsgWhileLoginWithInValidCredentials status=FAILURE method=LoginPageTest.VerifyErrorMsgWhileLoginWithInValidCredentials(java.lang.String,java.lang.String)[pri:0, instance:testcase.LoginPageTest@221a3fa4] output={null}]]]>
              </value>
            </param>
          </params>
          <reporter-output>
          </reporter-output>
        </test-method> <!-- afterMethode -->
        <test-method is-config="true" signature="beforeMethod(java.lang.String)[pri:0, instance:testcase.LoginPageTest@221a3fa4]" started-at="2025-05-05T07:47:29 IST" name="beforeMethod" finished-at="2025-05-05T07:47:32 IST" duration-ms="2588" status="PASS">
          <params>
            <param index="0">
              <value>
                <![CDATA[chrome]]>
              </value>
            </param>
          </params>
          <reporter-output>
          </reporter-output>
        </test-method> <!-- beforeMethod -->
        <test-method retried="true" signature="VerifyErrorMsgWhileLoginWithInValidCredentials(java.lang.String,java.lang.String)[pri:0, instance:testcase.LoginPageTest@221a3fa4]" started-at="2025-05-05T07:47:32 IST" name="VerifyErrorMsgWhileLoginWithInValidCredentials" data-provider="invalid credentials" finished-at="2025-05-05T07:47:32 IST" duration-ms="780" status="SKIP">
          <params>
            <param index="0">
              <value>
                <![CDATA[admin]]>
              </value>
            </param>
            <param index="1">
              <value>
                <![CDATA[pwd1]]>
              </value>
            </param>
          </params>
          <exception class="java.lang.AssertionError">
            <message>
              <![CDATA[::Error message not as expected expected [Invalid Username/Password] but found [×
Alert!
Invalid Username/Password]]]>
            </message>
            <full-stacktrace>
              <![CDATA[java.lang.AssertionError: ::Error message not as expected expected [Invalid Username/Password] but found [×
Alert!
Invalid Username/Password]
at org.testng.Assert.fail(Assert.java:111)
at org.testng.Assert.failNotEquals(Assert.java:1590)
at org.testng.Assert.assertEqualsImpl(Assert.java:150)
at org.testng.Assert.assertEquals(Assert.java:132)
at org.testng.Assert.assertEquals(Assert.java:656)
at testcase.LoginPageTest.VerifyErrorMsgWhileLoginWithInValidCredentials(LoginPageTest.java:42)
at java.base/jdk.internal.reflect.DirectMethodHandleAccessor.invoke(DirectMethodHandleAccessor.java:103)
at java.base/java.lang.reflect.Method.invoke(Method.java:580)
at org.testng.internal.invokers.MethodInvocationHelper.invokeMethod(MethodInvocationHelper.java:141)
at org.testng.internal.invokers.TestInvoker.invokeMethod(TestInvoker.java:687)
at org.testng.internal.invokers.TestInvoker.invokeTestMethod(TestInvoker.java:230)
at org.testng.internal.invokers.MethodRunner.runInSequence(MethodRunner.java:63)
at org.testng.internal.invokers.TestInvoker$MethodInvocationAgent.invoke(TestInvoker.java:995)
at org.testng.internal.invokers.TestInvoker.invokeTestMethods(TestInvoker.java:203)
at org.testng.internal.invokers.TestMethodWorker.invokeTestMethods(TestMethodWorker.java:154)
at org.testng.internal.invokers.TestMethodWorker.run(TestMethodWorker.java:134)
at java.base/java.util.ArrayList.forEach(ArrayList.java:1597)
at org.testng.TestRunner.privateRun(TestRunner.java:741)
at org.testng.TestRunner.run(TestRunner.java:616)
at org.testng.SuiteRunner.runTest(SuiteRunner.java:421)
at org.testng.SuiteRunner$SuiteWorker.run(SuiteRunner.java:463)
at org.testng.internal.thread.ThreadUtil.lambda$execute$0(ThreadUtil.java:64)
at java.base/java.util.concurrent.FutureTask.run(FutureTask.java:317)
at java.base/java.util.concurrent.ThreadPoolExecutor.runWorker(ThreadPoolExecutor.java:1144)
at java.base/java.util.concurrent.ThreadPoolExecutor$Worker.run(ThreadPoolExecutor.java:642)
at java.base/java.lang.Thread.run(Thread.java:1570)
]]>
            </full-stacktrace>
          </exception> <!-- java.lang.AssertionError -->
          <reporter-output>
          </reporter-output>
        </test-method> <!-- VerifyErrorMsgWhileLoginWithInValidCredentials -->
        <test-method is-config="true" signature="afterMethode(org.testng.ITestResult)[pri:0, instance:testcase.LoginPageTest@221a3fa4]" started-at="2025-05-05T07:47:32 IST" name="afterMethode" finished-at="2025-05-05T07:47:33 IST" duration-ms="367" status="PASS">
          <params>
            <param index="0">
              <value>
                <![CDATA[[TestResult name=VerifyErrorMsgWhileLoginWithInValidCredentials status=SKIP method=LoginPageTest.VerifyErrorMsgWhileLoginWithInValidCredentials(java.lang.String,java.lang.String)[pri:0, instance:testcase.LoginPageTest@221a3fa4] output={null}]]]>
              </value>
            </param>
          </params>
          <reporter-output>
          </reporter-output>
        </test-method> <!-- afterMethode -->
        <test-method is-config="true" signature="beforeMethod(java.lang.String)[pri:0, instance:testcase.LoginPageTest@221a3fa4]" started-at="2025-05-05T07:47:33 IST" name="beforeMethod" finished-at="2025-05-05T07:47:35 IST" duration-ms="2594" status="PASS">
          <params>
            <param index="0">
              <value>
                <![CDATA[chrome]]>
              </value>
            </param>
          </params>
          <reporter-output>
          </reporter-output>
        </test-method> <!-- beforeMethod -->
        <test-method retried="true" signature="VerifyErrorMsgWhileLoginWithInValidCredentials(java.lang.String,java.lang.String)[pri:0, instance:testcase.LoginPageTest@221a3fa4]" started-at="2025-05-05T07:47:35 IST" name="VerifyErrorMsgWhileLoginWithInValidCredentials" data-provider="invalid credentials" finished-at="2025-05-05T07:47:36 IST" duration-ms="773" status="SKIP">
          <params>
            <param index="0">
              <value>
                <![CDATA[admin]]>
              </value>
            </param>
            <param index="1">
              <value>
                <![CDATA[pwd1]]>
              </value>
            </param>
          </params>
          <exception class="java.lang.AssertionError">
            <message>
              <![CDATA[::Error message not as expected expected [Invalid Username/Password] but found [×
Alert!
Invalid Username/Password]]]>
            </message>
            <full-stacktrace>
              <![CDATA[java.lang.AssertionError: ::Error message not as expected expected [Invalid Username/Password] but found [×
Alert!
Invalid Username/Password]
at org.testng.Assert.fail(Assert.java:111)
at org.testng.Assert.failNotEquals(Assert.java:1590)
at org.testng.Assert.assertEqualsImpl(Assert.java:150)
at org.testng.Assert.assertEquals(Assert.java:132)
at org.testng.Assert.assertEquals(Assert.java:656)
at testcase.LoginPageTest.VerifyErrorMsgWhileLoginWithInValidCredentials(LoginPageTest.java:42)
at java.base/jdk.internal.reflect.DirectMethodHandleAccessor.invoke(DirectMethodHandleAccessor.java:103)
at java.base/java.lang.reflect.Method.invoke(Method.java:580)
at org.testng.internal.invokers.MethodInvocationHelper.invokeMethod(MethodInvocationHelper.java:141)
at org.testng.internal.invokers.TestInvoker.invokeMethod(TestInvoker.java:687)
at org.testng.internal.invokers.TestInvoker.retryFailed(TestInvoker.java:269)
at org.testng.internal.invokers.MethodRunner.runInSequence(MethodRunner.java:76)
at org.testng.internal.invokers.TestInvoker$MethodInvocationAgent.invoke(TestInvoker.java:995)
at org.testng.internal.invokers.TestInvoker.invokeTestMethods(TestInvoker.java:203)
at org.testng.internal.invokers.TestMethodWorker.invokeTestMethods(TestMethodWorker.java:154)
at org.testng.internal.invokers.TestMethodWorker.run(TestMethodWorker.java:134)
at java.base/java.util.ArrayList.forEach(ArrayList.java:1597)
at org.testng.TestRunner.privateRun(TestRunner.java:741)
at org.testng.TestRunner.run(TestRunner.java:616)
at org.testng.SuiteRunner.runTest(SuiteRunner.java:421)
at org.testng.SuiteRunner$SuiteWorker.run(SuiteRunner.java:463)
at org.testng.internal.thread.ThreadUtil.lambda$execute$0(ThreadUtil.java:64)
at java.base/java.util.concurrent.FutureTask.run(FutureTask.java:317)
at java.base/java.util.concurrent.ThreadPoolExecutor.runWorker(ThreadPoolExecutor.java:1144)
at java.base/java.util.concurrent.ThreadPoolExecutor$Worker.run(ThreadPoolExecutor.java:642)
at java.base/java.lang.Thread.run(Thread.java:1570)
]]>
            </full-stacktrace>
          </exception> <!-- java.lang.AssertionError -->
          <reporter-output>
          </reporter-output>
        </test-method> <!-- VerifyErrorMsgWhileLoginWithInValidCredentials -->
        <test-method is-config="true" signature="afterMethode(org.testng.ITestResult)[pri:0, instance:testcase.LoginPageTest@221a3fa4]" started-at="2025-05-05T07:47:36 IST" name="afterMethode" finished-at="2025-05-05T07:47:37 IST" duration-ms="358" status="PASS">
          <params>
            <param index="0">
              <value>
                <![CDATA[[TestResult name=VerifyErrorMsgWhileLoginWithInValidCredentials status=SKIP method=LoginPageTest.VerifyErrorMsgWhileLoginWithInValidCredentials(java.lang.String,java.lang.String)[pri:0, instance:testcase.LoginPageTest@221a3fa4] output={null}]]]>
              </value>
            </param>
          </params>
          <reporter-output>
          </reporter-output>
        </test-method> <!-- afterMethode -->
        <test-method is-config="true" signature="beforeMethod(java.lang.String)[pri:0, instance:testcase.LoginPageTest@221a3fa4]" started-at="2025-05-05T07:47:37 IST" name="beforeMethod" finished-at="2025-05-05T07:47:39 IST" duration-ms="2509" status="PASS">
          <params>
            <param index="0">
              <value>
                <![CDATA[chrome]]>
              </value>
            </param>
          </params>
          <reporter-output>
          </reporter-output>
        </test-method> <!-- beforeMethod -->
        <test-method retried="true" signature="VerifyErrorMsgWhileLoginWithInValidCredentials(java.lang.String,java.lang.String)[pri:0, instance:testcase.LoginPageTest@221a3fa4]" started-at="2025-05-05T07:47:39 IST" name="VerifyErrorMsgWhileLoginWithInValidCredentials" data-provider="invalid credentials" finished-at="2025-05-05T07:47:40 IST" duration-ms="856" status="SKIP">
          <params>
            <param index="0">
              <value>
                <![CDATA[admin]]>
              </value>
            </param>
            <param index="1">
              <value>
                <![CDATA[pwd1]]>
              </value>
            </param>
          </params>
          <exception class="java.lang.AssertionError">
            <message>
              <![CDATA[::Error message not as expected expected [Invalid Username/Password] but found [×
Alert!
Invalid Username/Password]]]>
            </message>
            <full-stacktrace>
              <![CDATA[java.lang.AssertionError: ::Error message not as expected expected [Invalid Username/Password] but found [×
Alert!
Invalid Username/Password]
at org.testng.Assert.fail(Assert.java:111)
at org.testng.Assert.failNotEquals(Assert.java:1590)
at org.testng.Assert.assertEqualsImpl(Assert.java:150)
at org.testng.Assert.assertEquals(Assert.java:132)
at org.testng.Assert.assertEquals(Assert.java:656)
at testcase.LoginPageTest.VerifyErrorMsgWhileLoginWithInValidCredentials(LoginPageTest.java:42)
at java.base/jdk.internal.reflect.DirectMethodHandleAccessor.invoke(DirectMethodHandleAccessor.java:103)
at java.base/java.lang.reflect.Method.invoke(Method.java:580)
at org.testng.internal.invokers.MethodInvocationHelper.invokeMethod(MethodInvocationHelper.java:141)
at org.testng.internal.invokers.TestInvoker.invokeMethod(TestInvoker.java:687)
at org.testng.internal.invokers.TestInvoker.retryFailed(TestInvoker.java:269)
at org.testng.internal.invokers.MethodRunner.runInSequence(MethodRunner.java:76)
at org.testng.internal.invokers.TestInvoker$MethodInvocationAgent.invoke(TestInvoker.java:995)
at org.testng.internal.invokers.TestInvoker.invokeTestMethods(TestInvoker.java:203)
at org.testng.internal.invokers.TestMethodWorker.invokeTestMethods(TestMethodWorker.java:154)
at org.testng.internal.invokers.TestMethodWorker.run(TestMethodWorker.java:134)
at java.base/java.util.ArrayList.forEach(ArrayList.java:1597)
at org.testng.TestRunner.privateRun(TestRunner.java:741)
at org.testng.TestRunner.run(TestRunner.java:616)
at org.testng.SuiteRunner.runTest(SuiteRunner.java:421)
at org.testng.SuiteRunner$SuiteWorker.run(SuiteRunner.java:463)
at org.testng.internal.thread.ThreadUtil.lambda$execute$0(ThreadUtil.java:64)
at java.base/java.util.concurrent.FutureTask.run(FutureTask.java:317)
at java.base/java.util.concurrent.ThreadPoolExecutor.runWorker(ThreadPoolExecutor.java:1144)
at java.base/java.util.concurrent.ThreadPoolExecutor$Worker.run(ThreadPoolExecutor.java:642)
at java.base/java.lang.Thread.run(Thread.java:1570)
]]>
            </full-stacktrace>
          </exception> <!-- java.lang.AssertionError -->
          <reporter-output>
          </reporter-output>
        </test-method> <!-- VerifyErrorMsgWhileLoginWithInValidCredentials -->
        <test-method is-config="true" signature="afterMethode(org.testng.ITestResult)[pri:0, instance:testcase.LoginPageTest@221a3fa4]" started-at="2025-05-05T07:47:40 IST" name="afterMethode" finished-at="2025-05-05T07:47:40 IST" duration-ms="394" status="PASS">
          <params>
            <param index="0">
              <value>
                <![CDATA[[TestResult name=VerifyErrorMsgWhileLoginWithInValidCredentials status=SKIP method=LoginPageTest.VerifyErrorMsgWhileLoginWithInValidCredentials(java.lang.String,java.lang.String)[pri:0, instance:testcase.LoginPageTest@221a3fa4] output={null}]]]>
              </value>
            </param>
          </params>
          <reporter-output>
          </reporter-output>
        </test-method> <!-- afterMethode -->
        <test-method is-config="true" signature="beforeMethod(java.lang.String)[pri:0, instance:testcase.LoginPageTest@221a3fa4]" started-at="2025-05-05T07:47:40 IST" name="beforeMethod" finished-at="2025-05-05T07:47:43 IST" duration-ms="2730" status="PASS">
          <params>
            <param index="0">
              <value>
                <![CDATA[chrome]]>
              </value>
            </param>
          </params>
          <reporter-output>
          </reporter-output>
        </test-method> <!-- beforeMethod -->
        <test-method signature="VerifyErrorMsgWhileLoginWithInValidCredentials(java.lang.String,java.lang.String)[pri:0, instance:testcase.LoginPageTest@221a3fa4]" started-at="2025-05-05T07:47:43 IST" name="VerifyErrorMsgWhileLoginWithInValidCredentials" data-provider="invalid credentials" finished-at="2025-05-05T07:47:44 IST" duration-ms="1001" status="FAIL">
          <params>
            <param index="0">
              <value>
                <![CDATA[admin]]>
              </value>
            </param>
            <param index="1">
              <value>
                <![CDATA[pwd1]]>
              </value>
            </param>
          </params>
          <exception class="java.lang.AssertionError">
            <message>
              <![CDATA[::Error message not as expected expected [Invalid Username/Password] but found [×
Alert!
Invalid Username/Password]]]>
            </message>
            <full-stacktrace>
              <![CDATA[java.lang.AssertionError: ::Error message not as expected expected [Invalid Username/Password] but found [×
Alert!
Invalid Username/Password]
at org.testng.Assert.fail(Assert.java:111)
at org.testng.Assert.failNotEquals(Assert.java:1590)
at org.testng.Assert.assertEqualsImpl(Assert.java:150)
at org.testng.Assert.assertEquals(Assert.java:132)
at org.testng.Assert.assertEquals(Assert.java:656)
at testcase.LoginPageTest.VerifyErrorMsgWhileLoginWithInValidCredentials(LoginPageTest.java:42)
at java.base/jdk.internal.reflect.DirectMethodHandleAccessor.invoke(DirectMethodHandleAccessor.java:103)
at java.base/java.lang.reflect.Method.invoke(Method.java:580)
at org.testng.internal.invokers.MethodInvocationHelper.invokeMethod(MethodInvocationHelper.java:141)
at org.testng.internal.invokers.TestInvoker.invokeMethod(TestInvoker.java:687)
at org.testng.internal.invokers.TestInvoker.retryFailed(TestInvoker.java:269)
at org.testng.internal.invokers.MethodRunner.runInSequence(MethodRunner.java:76)
at org.testng.internal.invokers.TestInvoker$MethodInvocationAgent.invoke(TestInvoker.java:995)
at org.testng.internal.invokers.TestInvoker.invokeTestMethods(TestInvoker.java:203)
at org.testng.internal.invokers.TestMethodWorker.invokeTestMethods(TestMethodWorker.java:154)
at org.testng.internal.invokers.TestMethodWorker.run(TestMethodWorker.java:134)
at java.base/java.util.ArrayList.forEach(ArrayList.java:1597)
at org.testng.TestRunner.privateRun(TestRunner.java:741)
at org.testng.TestRunner.run(TestRunner.java:616)
at org.testng.SuiteRunner.runTest(SuiteRunner.java:421)
at org.testng.SuiteRunner$SuiteWorker.run(SuiteRunner.java:463)
at org.testng.internal.thread.ThreadUtil.lambda$execute$0(ThreadUtil.java:64)
at java.base/java.util.concurrent.FutureTask.run(FutureTask.java:317)
at java.base/java.util.concurrent.ThreadPoolExecutor.runWorker(ThreadPoolExecutor.java:1144)
at java.base/java.util.concurrent.ThreadPoolExecutor$Worker.run(ThreadPoolExecutor.java:642)
at java.base/java.lang.Thread.run(Thread.java:1570)
]]>
            </full-stacktrace>
          </exception> <!-- java.lang.AssertionError -->
          <reporter-output>
          </reporter-output>
        </test-method> <!-- VerifyErrorMsgWhileLoginWithInValidCredentials -->
        <test-method is-config="true" signature="afterMethode(org.testng.ITestResult)[pri:0, instance:testcase.LoginPageTest@221a3fa4]" started-at="2025-05-05T07:47:44 IST" name="afterMethode" finished-at="2025-05-05T07:47:45 IST" duration-ms="553" status="PASS">
          <params>
            <param index="0">
              <value>
                <![CDATA[[TestResult name=VerifyErrorMsgWhileLoginWithInValidCredentials status=FAILURE method=LoginPageTest.VerifyErrorMsgWhileLoginWithInValidCredentials(java.lang.String,java.lang.String)[pri:0, instance:testcase.LoginPageTest@221a3fa4] output={null}]]]>
              </value>
            </param>
          </params>
          <reporter-output>
          </reporter-output>
        </test-method> <!-- afterMethode -->
        <test-method is-config="true" signature="beforeMethod(java.lang.String)[pri:0, instance:testcase.LoginPageTest@221a3fa4]" started-at="2025-05-05T07:47:45 IST" name="beforeMethod" finished-at="2025-05-05T07:47:47 IST" duration-ms="2681" status="PASS">
          <params>
            <param index="0">
              <value>
                <![CDATA[chrome]]>
              </value>
            </param>
          </params>
          <reporter-output>
          </reporter-output>
        </test-method> <!-- beforeMethod -->
        <test-method retried="true" signature="VerifyErrorMsgWhileLoginWithInValidCredentials(java.lang.String,java.lang.String)[pri:0, instance:testcase.LoginPageTest@221a3fa4]" started-at="2025-05-05T07:47:47 IST" name="VerifyErrorMsgWhileLoginWithInValidCredentials" data-provider="invalid credentials" finished-at="2025-05-05T07:47:48 IST" duration-ms="857" status="SKIP">
          <params>
            <param index="0">
              <value>
                <![CDATA[user1]]>
              </value>
            </param>
            <param index="1">
              <value>
                <![CDATA[pwd1]]>
              </value>
            </param>
          </params>
          <exception class="java.lang.AssertionError">
            <message>
              <![CDATA[::Error message not as expected expected [Invalid Username/Password] but found [×
Alert!
Invalid Username/Password]]]>
            </message>
            <full-stacktrace>
              <![CDATA[java.lang.AssertionError: ::Error message not as expected expected [Invalid Username/Password] but found [×
Alert!
Invalid Username/Password]
at org.testng.Assert.fail(Assert.java:111)
at org.testng.Assert.failNotEquals(Assert.java:1590)
at org.testng.Assert.assertEqualsImpl(Assert.java:150)
at org.testng.Assert.assertEquals(Assert.java:132)
at org.testng.Assert.assertEquals(Assert.java:656)
at testcase.LoginPageTest.VerifyErrorMsgWhileLoginWithInValidCredentials(LoginPageTest.java:42)
at java.base/jdk.internal.reflect.DirectMethodHandleAccessor.invoke(DirectMethodHandleAccessor.java:103)
at java.base/java.lang.reflect.Method.invoke(Method.java:580)
at org.testng.internal.invokers.MethodInvocationHelper.invokeMethod(MethodInvocationHelper.java:141)
at org.testng.internal.invokers.TestInvoker.invokeMethod(TestInvoker.java:687)
at org.testng.internal.invokers.TestInvoker.invokeTestMethod(TestInvoker.java:230)
at org.testng.internal.invokers.MethodRunner.runInSequence(MethodRunner.java:63)
at org.testng.internal.invokers.TestInvoker$MethodInvocationAgent.invoke(TestInvoker.java:995)
at org.testng.internal.invokers.TestInvoker.invokeTestMethods(TestInvoker.java:203)
at org.testng.internal.invokers.TestMethodWorker.invokeTestMethods(TestMethodWorker.java:154)
at org.testng.internal.invokers.TestMethodWorker.run(TestMethodWorker.java:134)
at java.base/java.util.ArrayList.forEach(ArrayList.java:1597)
at org.testng.TestRunner.privateRun(TestRunner.java:741)
at org.testng.TestRunner.run(TestRunner.java:616)
at org.testng.SuiteRunner.runTest(SuiteRunner.java:421)
at org.testng.SuiteRunner$SuiteWorker.run(SuiteRunner.java:463)
at org.testng.internal.thread.ThreadUtil.lambda$execute$0(ThreadUtil.java:64)
at java.base/java.util.concurrent.FutureTask.run(FutureTask.java:317)
at java.base/java.util.concurrent.ThreadPoolExecutor.runWorker(ThreadPoolExecutor.java:1144)
at java.base/java.util.concurrent.ThreadPoolExecutor$Worker.run(ThreadPoolExecutor.java:642)
at java.base/java.lang.Thread.run(Thread.java:1570)
]]>
            </full-stacktrace>
          </exception> <!-- java.lang.AssertionError -->
          <reporter-output>
          </reporter-output>
        </test-method> <!-- VerifyErrorMsgWhileLoginWithInValidCredentials -->
        <test-method is-config="true" signature="afterMethode(org.testng.ITestResult)[pri:0, instance:testcase.LoginPageTest@221a3fa4]" started-at="2025-05-05T07:47:48 IST" name="afterMethode" finished-at="2025-05-05T07:47:49 IST" duration-ms="517" status="PASS">
          <params>
            <param index="0">
              <value>
                <![CDATA[[TestResult name=VerifyErrorMsgWhileLoginWithInValidCredentials status=SKIP method=LoginPageTest.VerifyErrorMsgWhileLoginWithInValidCredentials(java.lang.String,java.lang.String)[pri:0, instance:testcase.LoginPageTest@221a3fa4] output={null}]]]>
              </value>
            </param>
          </params>
          <reporter-output>
          </reporter-output>
        </test-method> <!-- afterMethode -->
        <test-method is-config="true" signature="beforeMethod(java.lang.String)[pri:0, instance:testcase.LoginPageTest@221a3fa4]" started-at="2025-05-05T07:47:49 IST" name="beforeMethod" finished-at="2025-05-05T07:47:51 IST" duration-ms="2748" status="PASS">
          <params>
            <param index="0">
              <value>
                <![CDATA[chrome]]>
              </value>
            </param>
          </params>
          <reporter-output>
          </reporter-output>
        </test-method> <!-- beforeMethod -->
        <test-method retried="true" signature="VerifyErrorMsgWhileLoginWithInValidCredentials(java.lang.String,java.lang.String)[pri:0, instance:testcase.LoginPageTest@221a3fa4]" started-at="2025-05-05T07:47:51 IST" name="VerifyErrorMsgWhileLoginWithInValidCredentials" data-provider="invalid credentials" finished-at="2025-05-05T07:47:52 IST" duration-ms="731" status="SKIP">
          <params>
            <param index="0">
              <value>
                <![CDATA[user1]]>
              </value>
            </param>
            <param index="1">
              <value>
                <![CDATA[pwd1]]>
              </value>
            </param>
          </params>
          <exception class="java.lang.AssertionError">
            <message>
              <![CDATA[::Error message not as expected expected [Invalid Username/Password] but found [×
Alert!
Invalid Username/Password]]]>
            </message>
            <full-stacktrace>
              <![CDATA[java.lang.AssertionError: ::Error message not as expected expected [Invalid Username/Password] but found [×
Alert!
Invalid Username/Password]
at org.testng.Assert.fail(Assert.java:111)
at org.testng.Assert.failNotEquals(Assert.java:1590)
at org.testng.Assert.assertEqualsImpl(Assert.java:150)
at org.testng.Assert.assertEquals(Assert.java:132)
at org.testng.Assert.assertEquals(Assert.java:656)
at testcase.LoginPageTest.VerifyErrorMsgWhileLoginWithInValidCredentials(LoginPageTest.java:42)
at java.base/jdk.internal.reflect.DirectMethodHandleAccessor.invoke(DirectMethodHandleAccessor.java:103)
at java.base/java.lang.reflect.Method.invoke(Method.java:580)
at org.testng.internal.invokers.MethodInvocationHelper.invokeMethod(MethodInvocationHelper.java:141)
at org.testng.internal.invokers.TestInvoker.invokeMethod(TestInvoker.java:687)
at org.testng.internal.invokers.TestInvoker.retryFailed(TestInvoker.java:269)
at org.testng.internal.invokers.MethodRunner.runInSequence(MethodRunner.java:76)
at org.testng.internal.invokers.TestInvoker$MethodInvocationAgent.invoke(TestInvoker.java:995)
at org.testng.internal.invokers.TestInvoker.invokeTestMethods(TestInvoker.java:203)
at org.testng.internal.invokers.TestMethodWorker.invokeTestMethods(TestMethodWorker.java:154)
at org.testng.internal.invokers.TestMethodWorker.run(TestMethodWorker.java:134)
at java.base/java.util.ArrayList.forEach(ArrayList.java:1597)
at org.testng.TestRunner.privateRun(TestRunner.java:741)
at org.testng.TestRunner.run(TestRunner.java:616)
at org.testng.SuiteRunner.runTest(SuiteRunner.java:421)
at org.testng.SuiteRunner$SuiteWorker.run(SuiteRunner.java:463)
at org.testng.internal.thread.ThreadUtil.lambda$execute$0(ThreadUtil.java:64)
at java.base/java.util.concurrent.FutureTask.run(FutureTask.java:317)
at java.base/java.util.concurrent.ThreadPoolExecutor.runWorker(ThreadPoolExecutor.java:1144)
at java.base/java.util.concurrent.ThreadPoolExecutor$Worker.run(ThreadPoolExecutor.java:642)
at java.base/java.lang.Thread.run(Thread.java:1570)
]]>
            </full-stacktrace>
          </exception> <!-- java.lang.AssertionError -->
          <reporter-output>
          </reporter-output>
        </test-method> <!-- VerifyErrorMsgWhileLoginWithInValidCredentials -->
        <test-method is-config="true" signature="afterMethode(org.testng.ITestResult)[pri:0, instance:testcase.LoginPageTest@221a3fa4]" started-at="2025-05-05T07:47:52 IST" name="afterMethode" finished-at="2025-05-05T07:47:52 IST" duration-ms="316" status="PASS">
          <params>
            <param index="0">
              <value>
                <![CDATA[[TestResult name=VerifyErrorMsgWhileLoginWithInValidCredentials status=SKIP method=LoginPageTest.VerifyErrorMsgWhileLoginWithInValidCredentials(java.lang.String,java.lang.String)[pri:0, instance:testcase.LoginPageTest@221a3fa4] output={null}]]]>
              </value>
            </param>
          </params>
          <reporter-output>
          </reporter-output>
        </test-method> <!-- afterMethode -->
        <test-method is-config="true" signature="beforeMethod(java.lang.String)[pri:0, instance:testcase.LoginPageTest@221a3fa4]" started-at="2025-05-05T07:47:52 IST" name="beforeMethod" finished-at="2025-05-05T07:47:55 IST" duration-ms="2404" status="PASS">
          <params>
            <param index="0">
              <value>
                <![CDATA[chrome]]>
              </value>
            </param>
          </params>
          <reporter-output>
          </reporter-output>
        </test-method> <!-- beforeMethod -->
        <test-method retried="true" signature="VerifyErrorMsgWhileLoginWithInValidCredentials(java.lang.String,java.lang.String)[pri:0, instance:testcase.LoginPageTest@221a3fa4]" started-at="2025-05-05T07:47:55 IST" name="VerifyErrorMsgWhileLoginWithInValidCredentials" data-provider="invalid credentials" finished-at="2025-05-05T07:47:56 IST" duration-ms="918" status="SKIP">
          <params>
            <param index="0">
              <value>
                <![CDATA[user1]]>
              </value>
            </param>
            <param index="1">
              <value>
                <![CDATA[pwd1]]>
              </value>
            </param>
          </params>
          <exception class="java.lang.AssertionError">
            <message>
              <![CDATA[::Error message not as expected expected [Invalid Username/Password] but found [×
Alert!
Invalid Username/Password]]]>
            </message>
            <full-stacktrace>
              <![CDATA[java.lang.AssertionError: ::Error message not as expected expected [Invalid Username/Password] but found [×
Alert!
Invalid Username/Password]
at org.testng.Assert.fail(Assert.java:111)
at org.testng.Assert.failNotEquals(Assert.java:1590)
at org.testng.Assert.assertEqualsImpl(Assert.java:150)
at org.testng.Assert.assertEquals(Assert.java:132)
at org.testng.Assert.assertEquals(Assert.java:656)
at testcase.LoginPageTest.VerifyErrorMsgWhileLoginWithInValidCredentials(LoginPageTest.java:42)
at java.base/jdk.internal.reflect.DirectMethodHandleAccessor.invoke(DirectMethodHandleAccessor.java:103)
at java.base/java.lang.reflect.Method.invoke(Method.java:580)
at org.testng.internal.invokers.MethodInvocationHelper.invokeMethod(MethodInvocationHelper.java:141)
at org.testng.internal.invokers.TestInvoker.invokeMethod(TestInvoker.java:687)
at org.testng.internal.invokers.TestInvoker.retryFailed(TestInvoker.java:269)
at org.testng.internal.invokers.MethodRunner.runInSequence(MethodRunner.java:76)
at org.testng.internal.invokers.TestInvoker$MethodInvocationAgent.invoke(TestInvoker.java:995)
at org.testng.internal.invokers.TestInvoker.invokeTestMethods(TestInvoker.java:203)
at org.testng.internal.invokers.TestMethodWorker.invokeTestMethods(TestMethodWorker.java:154)
at org.testng.internal.invokers.TestMethodWorker.run(TestMethodWorker.java:134)
at java.base/java.util.ArrayList.forEach(ArrayList.java:1597)
at org.testng.TestRunner.privateRun(TestRunner.java:741)
at org.testng.TestRunner.run(TestRunner.java:616)
at org.testng.SuiteRunner.runTest(SuiteRunner.java:421)
at org.testng.SuiteRunner$SuiteWorker.run(SuiteRunner.java:463)
at org.testng.internal.thread.ThreadUtil.lambda$execute$0(ThreadUtil.java:64)
at java.base/java.util.concurrent.FutureTask.run(FutureTask.java:317)
at java.base/java.util.concurrent.ThreadPoolExecutor.runWorker(ThreadPoolExecutor.java:1144)
at java.base/java.util.concurrent.ThreadPoolExecutor$Worker.run(ThreadPoolExecutor.java:642)
at java.base/java.lang.Thread.run(Thread.java:1570)
]]>
            </full-stacktrace>
          </exception> <!-- java.lang.AssertionError -->
          <reporter-output>
          </reporter-output>
        </test-method> <!-- VerifyErrorMsgWhileLoginWithInValidCredentials -->
        <test-method is-config="true" signature="afterMethode(org.testng.ITestResult)[pri:0, instance:testcase.LoginPageTest@221a3fa4]" started-at="2025-05-05T07:47:56 IST" name="afterMethode" finished-at="2025-05-05T07:47:56 IST" duration-ms="350" status="PASS">
          <params>
            <param index="0">
              <value>
                <![CDATA[[TestResult name=VerifyErrorMsgWhileLoginWithInValidCredentials status=SKIP method=LoginPageTest.VerifyErrorMsgWhileLoginWithInValidCredentials(java.lang.String,java.lang.String)[pri:0, instance:testcase.LoginPageTest@221a3fa4] output={null}]]]>
              </value>
            </param>
          </params>
          <reporter-output>
          </reporter-output>
        </test-method> <!-- afterMethode -->
        <test-method is-config="true" signature="beforeMethod(java.lang.String)[pri:0, instance:testcase.LoginPageTest@221a3fa4]" started-at="2025-05-05T07:47:56 IST" name="beforeMethod" finished-at="2025-05-05T07:47:59 IST" duration-ms="2554" status="PASS">
          <params>
            <param index="0">
              <value>
                <![CDATA[chrome]]>
              </value>
            </param>
          </params>
          <reporter-output>
          </reporter-output>
        </test-method> <!-- beforeMethod -->
        <test-method signature="VerifyErrorMsgWhileLoginWithInValidCredentials(java.lang.String,java.lang.String)[pri:0, instance:testcase.LoginPageTest@221a3fa4]" started-at="2025-05-05T07:47:59 IST" name="VerifyErrorMsgWhileLoginWithInValidCredentials" data-provider="invalid credentials" finished-at="2025-05-05T07:48:00 IST" duration-ms="817" status="FAIL">
          <params>
            <param index="0">
              <value>
                <![CDATA[user1]]>
              </value>
            </param>
            <param index="1">
              <value>
                <![CDATA[pwd1]]>
              </value>
            </param>
          </params>
          <exception class="java.lang.AssertionError">
            <message>
              <![CDATA[::Error message not as expected expected [Invalid Username/Password] but found [×
Alert!
Invalid Username/Password]]]>
            </message>
            <full-stacktrace>
              <![CDATA[java.lang.AssertionError: ::Error message not as expected expected [Invalid Username/Password] but found [×
Alert!
Invalid Username/Password]
at org.testng.Assert.fail(Assert.java:111)
at org.testng.Assert.failNotEquals(Assert.java:1590)
at org.testng.Assert.assertEqualsImpl(Assert.java:150)
at org.testng.Assert.assertEquals(Assert.java:132)
at org.testng.Assert.assertEquals(Assert.java:656)
at testcase.LoginPageTest.VerifyErrorMsgWhileLoginWithInValidCredentials(LoginPageTest.java:42)
at java.base/jdk.internal.reflect.DirectMethodHandleAccessor.invoke(DirectMethodHandleAccessor.java:103)
at java.base/java.lang.reflect.Method.invoke(Method.java:580)
at org.testng.internal.invokers.MethodInvocationHelper.invokeMethod(MethodInvocationHelper.java:141)
at org.testng.internal.invokers.TestInvoker.invokeMethod(TestInvoker.java:687)
at org.testng.internal.invokers.TestInvoker.retryFailed(TestInvoker.java:269)
at org.testng.internal.invokers.MethodRunner.runInSequence(MethodRunner.java:76)
at org.testng.internal.invokers.TestInvoker$MethodInvocationAgent.invoke(TestInvoker.java:995)
at org.testng.internal.invokers.TestInvoker.invokeTestMethods(TestInvoker.java:203)
at org.testng.internal.invokers.TestMethodWorker.invokeTestMethods(TestMethodWorker.java:154)
at org.testng.internal.invokers.TestMethodWorker.run(TestMethodWorker.java:134)
at java.base/java.util.ArrayList.forEach(ArrayList.java:1597)
at org.testng.TestRunner.privateRun(TestRunner.java:741)
at org.testng.TestRunner.run(TestRunner.java:616)
at org.testng.SuiteRunner.runTest(SuiteRunner.java:421)
at org.testng.SuiteRunner$SuiteWorker.run(SuiteRunner.java:463)
at org.testng.internal.thread.ThreadUtil.lambda$execute$0(ThreadUtil.java:64)
at java.base/java.util.concurrent.FutureTask.run(FutureTask.java:317)
at java.base/java.util.concurrent.ThreadPoolExecutor.runWorker(ThreadPoolExecutor.java:1144)
at java.base/java.util.concurrent.ThreadPoolExecutor$Worker.run(ThreadPoolExecutor.java:642)
at java.base/java.lang.Thread.run(Thread.java:1570)
]]>
            </full-stacktrace>
          </exception> <!-- java.lang.AssertionError -->
          <reporter-output>
          </reporter-output>
        </test-method> <!-- VerifyErrorMsgWhileLoginWithInValidCredentials -->
        <test-method is-config="true" signature="afterMethode(org.testng.ITestResult)[pri:0, instance:testcase.LoginPageTest@221a3fa4]" started-at="2025-05-05T07:48:00 IST" name="afterMethode" finished-at="2025-05-05T07:48:00 IST" duration-ms="487" status="PASS">
          <params>
            <param index="0">
              <value>
                <![CDATA[[TestResult name=VerifyErrorMsgWhileLoginWithInValidCredentials status=FAILURE method=LoginPageTest.VerifyErrorMsgWhileLoginWithInValidCredentials(java.lang.String,java.lang.String)[pri:0, instance:testcase.LoginPageTest@221a3fa4] output={null}]]]>
              </value>
            </param>
          </params>
          <reporter-output>
          </reporter-output>
        </test-method> <!-- afterMethode -->
      </class> <!-- testcase.LoginPageTest -->
    </test> <!-- Chrome Test -->
  </suite> <!-- GroceryApplication -->
</testng-results>
